<?xml version="1.0" encoding="UTF-8"?>
<!-- Generated by org.testng.reporters.JUnitReportReporter -->
<testsuite hostname="DESKTOP-ADQ2RU7" failures="0" tests="2" name="testCases.TC0016_OtganisationSetupClient" time="26.940" errors="0" timestamp="2025-04-04T17:31:19 IST" skipped="0">
  <testcase classname="testCases.TC0016_OtganisationSetupClient" name="verify_Login" time="0.545"/>
  <testcase classname="testCases.TC0016_OtganisationSetupClient" name="verify_AddZone" time="26.395"/>
</testsuite> <!-- testCases.TC0016_OtganisationSetupClient -->
