<?xml version="1.0" encoding="UTF-8"?>
<!-- Generated by org.testng.reporters.JUnitReportReporter -->
<testsuite hostname="DESKTOP-ADQ2RU7" failures="0" tests="7" name="testCases.TC004_Keyword" time="57.292" errors="0" timestamp="2025-03-19T16:05:16 IST" skipped="0">
  <testcase classname="testCases.TC004_Keyword" name="verify_Login" time="0.984"/>
  <testcase classname="testCases.TC004_Keyword" name="verify_RequisitionPage" time="5.750"/>
  <testcase classname="testCases.TC004_Keyword" name="verify_CreateRequisition" time="3.181"/>
  <testcase classname="testCases.TC004_Keyword" name="verify_RequirementDetails" time="14.664"/>
  <testcase classname="testCases.TC004_Keyword" name="verify_Pop_UP" time="1.538"/>
  <testcase classname="testCases.TC004_Keyword" name="verify_Recruitment" time="22.505"/>
  <testcase classname="testCases.TC004_Keyword" name="verify_GenerateKeyword" time="8.670"/>
</testsuite> <!-- testCases.TC004_Keyword -->
