<?xml version="1.0" encoding="UTF-8"?>
<!-- Generated by org.testng.reporters.JUnitReportReporter -->
<testsuite hostname="DESKTOP-ADQ2RU7" failures="0" tests="4" name="testCases.TC0019_OrganisationSetupDivision" time="9.682" errors="0" timestamp="2025-04-08T10:47:54 IST" skipped="0">
  <testcase classname="testCases.TC0019_OrganisationSetupDivision" name="verify_Login" time="0.544"/>
  <testcase classname="testCases.TC0019_OrganisationSetupDivision" name="verify_AddDivision" time="2.327"/>
  <testcase classname="testCases.TC0019_OrganisationSetupDivision" name="verify_EditDivision" time="1.994"/>
  <testcase classname="testCases.TC0019_OrganisationSetupDivision" name="verify_DeleteDivision" time="4.817"/>
</testsuite> <!-- testCases.TC0019_OrganisationSetupDivision -->
