<?xml version="1.0" encoding="UTF-8"?>
<!-- Generated by org.testng.reporters.JUnitReportReporter -->
<testsuite hostname="DESKTOP-ADQ2RU7" failures="0" tests="6" name="testCases.TC005_HiringTeam" time="44.096" errors="0" timestamp="2025-03-26T13:45:25 IST" skipped="0">
  <testcase classname="testCases.TC005_HiringTeam" name="verify_Login" time="0.893"/>
  <testcase classname="testCases.TC005_HiringTeam" name="verify_RequisitionPage" time="3.286"/>
  <testcase classname="testCases.TC005_HiringTeam" name="verify_CreateRequisition" time="4.652"/>
  <testcase classname="testCases.TC005_HiringTeam" name="verify_RequirementDetails" time="20.613"/>
  <testcase classname="testCases.TC005_HiringTeam" name="verify_Pop_UP" time="0.565"/>
  <testcase classname="testCases.TC005_HiringTeam" name="verify_Hiring" time="14.087"/>
</testsuite> <!-- testCases.TC005_HiringTeam -->
