<?xml version="1.0" encoding="UTF-8"?>
<!-- Generated by org.testng.reporters.JUnitReportReporter -->
<testsuite hostname="DESKTOP-ADQ2RU7" failures="0" tests="3" name="testCases.TC0011_OrgInfo" time="21.405" errors="0" timestamp="2025-03-25T11:16:36 IST" skipped="0">
  <testcase classname="testCases.TC0011_OrgInfo" name="verify_Login" time="0.763"/>
  <testcase classname="testCases.TC0011_OrgInfo" name="verify_RequisitionPage" time="1.828"/>
  <testcase classname="testCases.TC0011_OrgInfo" name="verify_OrgInfo" time="18.814"/>
</testsuite> <!-- testCases.TC0011_OrgInfo -->
