<?xml version="1.0" encoding="UTF-8"?>
<!-- Generated by org.testng.reporters.JUnitReportReporter -->
<testsuite hostname="DESKTOP-ADQ2RU7" failures="0" tests="3" name="testCases.TC_Testing" time="19.472" errors="0" timestamp="2025-03-18T16:50:16 IST" skipped="0">
  <testcase classname="testCases.TC_Testing" name="verify_Login" time="1.294"/>
  <testcase classname="testCases.TC_Testing" name="verify_RequisitionPage" time="2.330"/>
  <testcase classname="testCases.TC_Testing" name="verify_AddCandidate" time="15.848"/>
</testsuite> <!-- testCases.TC_Testing -->
