<?xml version="1.0" encoding="UTF-8"?>
<!-- Generated by org.testng.reporters.JUnitReportReporter -->
<testsuite hostname="DESKTOP-ADQ2RU7" failures="0" tests="6" name="testCases.TC_Testing" time="5.917" errors="0" timestamp="2025-04-14T15:25:37 IST" skipped="0">
  <testcase classname="testCases.TC_Testing" name="verify_Login" time="0.564"/>
  <testcase classname="testCases.TC_Testing" name="verify_clkBusinessUnit" time="0.934"/>
  <testcase classname="testCases.TC_Testing" name="verify_clkContacts" time="0.306"/>
  <testcase classname="testCases.TC_Testing" name="verify_AddBusinessUnitContacts" time="1.751"/>
  <testcase classname="testCases.TC_Testing" name="verify_EditBusinessUnit" time="2.059"/>
  <testcase classname="testCases.TC_Testing" name="verify_deleteBusinessUnit" time="0.303"/>
</testsuite> <!-- testCases.TC_Testing -->
