<?xml version="1.0" encoding="UTF-8"?>
<!-- Generated by org.testng.reporters.JUnitReportReporter -->
<testsuite hostname="DESKTOP-ADQ2RU7" failures="0" tests="5" name="testCases.TC0010_EditCandidate" time="63.384" errors="0" timestamp="2025-03-21T16:02:26 IST" skipped="0">
  <testcase classname="testCases.TC0010_EditCandidate" name="verify_Login" time="0.885"/>
  <testcase classname="testCases.TC0010_EditCandidate" name="verify_RequisitionPage" time="1.525"/>
  <testcase classname="testCases.TC0010_EditCandidate" name="verify_AddCandidate" time="1.825"/>
  <testcase classname="testCases.TC0010_EditCandidate" name="verify_search" time="5.672"/>
  <testcase classname="testCases.TC0010_EditCandidate" name="verify_edit" time="53.477"/>
</testsuite> <!-- testCases.TC0010_EditCandidate -->
