<?xml version="1.0" encoding="UTF-8"?>
<!-- Generated by org.testng.reporters.JUnitReportReporter -->
<testsuite hostname="DESKTOP-ADQ2RU7" failures="0" tests="1" name="testCases.Testing_Mail" time="1.478" errors="0" timestamp="2025-04-02T12:46:58 IST" skipped="0">
  <testcase classname="testCases.Testing_Mail" name="verify_Login" time="1.478"/>
</testsuite> <!-- testCases.Testing_Mail -->
