<?xml version="1.0" encoding="UTF-8"?>
<!-- Generated by org.testng.reporters.JUnitReportReporter -->
<testsuite hostname="DESKTOP-ADQ2RU7" failures="0" tests="3" name="testCases.TC_Testing" time="247.558" errors="0" timestamp="2025-03-26T16:37:39 IST" skipped="0">
  <testcase classname="testCases.TC_Testing" name="verify_Login" time="0.753"/>
  <testcase classname="testCases.TC_Testing" name="verify_RequisitionPage" time="1.468"/>
  <testcase classname="testCases.TC_Testing" name="verify_AddCandidate" time="245.337"/>
</testsuite> <!-- testCases.TC_Testing -->
