<?xml version="1.0" encoding="UTF-8"?>
<!-- Generated by org.testng.reporters.JUnitReportReporter -->
<testsuite hostname="DESKTOP-ADQ2RU7" failures="0" tests="5" name="testCases.TC002_CreateRequisition" time="24.742" errors="0" timestamp="2025-03-19T16:05:16 IST" skipped="0">
  <testcase classname="testCases.TC002_CreateRequisition" name="verify_Login" time="1.054"/>
  <testcase classname="testCases.TC002_CreateRequisition" name="verify_RequisitionPage" time="4.354"/>
  <testcase classname="testCases.TC002_CreateRequisition" name="verify_CreateRequisition" time="2.930"/>
  <testcase classname="testCases.TC002_CreateRequisition" name="verify_RequirementDetails" time="14.841"/>
  <testcase classname="testCases.TC002_CreateRequisition" name="verify_Pop_UP" time="1.563"/>
</testsuite> <!-- testCases.TC002_CreateRequisition -->
