<?xml version="1.0" encoding="UTF-8"?>
<!-- Generated by org.testng.reporters.JUnitReportReporter -->
<testsuite hostname="DESKTOP-ADQ2RU7" failures="0" tests="4" name="testCases.TC0021_OrganisationSetupDesignation" time="9.246" errors="0" timestamp="2025-04-08T10:59:45 IST" skipped="0">
  <testcase classname="testCases.TC0021_OrganisationSetupDesignation" name="verify_Login" time="0.554"/>
  <testcase classname="testCases.TC0021_OrganisationSetupDesignation" name="verify_AddDesignation" time="2.562"/>
  <testcase classname="testCases.TC0021_OrganisationSetupDesignation" name="verify_EditDesignation" time="1.453"/>
  <testcase classname="testCases.TC0021_OrganisationSetupDesignation" name="verify_DeleteDesignation" time="4.677"/>
</testsuite> <!-- testCases.TC0021_OrganisationSetupDesignation -->
