<?xml version="1.0" encoding="UTF-8"?>
<!-- Generated by org.testng.reporters.JUnitReportReporter -->
<testsuite hostname="DESKTOP-ADQ2RU7" failures="0" tests="4" name="testCases.TC0018_OrganisationSetupBranches" time="13.975" errors="0" timestamp="2025-04-08T10:44:38 IST" skipped="0">
  <testcase classname="testCases.TC0018_OrganisationSetupBranches" name="verify_Login" time="1.327"/>
  <testcase classname="testCases.TC0018_OrganisationSetupBranches" name="verify_AddBranch" time="4.374"/>
  <testcase classname="testCases.TC0018_OrganisationSetupBranches" name="verify_EditBranch" time="2.542"/>
  <testcase classname="testCases.TC0018_OrganisationSetupBranches" name="verify_DeleteBranch" time="5.732"/>
</testsuite> <!-- testCases.TC0018_OrganisationSetupBranches -->
