<?xml version="1.0" encoding="UTF-8"?>
<!-- Generated by org.testng.reporters.JUnitReportReporter -->
<testsuite hostname="DESKTOP-ADQ2RU7" failures="0" tests="3" name="testCases.TC0013_ReimbursementOtherAdvance" time="9.273" errors="0" timestamp="2025-03-28T12:46:55 IST" skipped="0">
  <testcase classname="testCases.TC0013_ReimbursementOtherAdvance" name="verify_Login" time="1.376"/>
  <testcase classname="testCases.TC0013_ReimbursementOtherAdvance" name="verify_RequisitionPage" time="2.818"/>
  <testcase classname="testCases.TC0013_ReimbursementOtherAdvance" name="verify_myReimbursement" time="5.079"/>
</testsuite> <!-- testCases.TC0013_ReimbursementOtherAdvance -->
