<?xml version="1.0" encoding="UTF-8"?>
<!-- Generated by org.testng.reporters.JUnitReportReporter -->
<testsuite hostname="DESKTOP-ADQ2RU7" failures="0" tests="4" name="testCases.TC0023_OrganisationSetupGrade" time="9.171" errors="0" timestamp="2025-04-08T11:28:31 IST" skipped="0">
  <testcase classname="testCases.TC0023_OrganisationSetupGrade" name="verify_Login" time="0.549"/>
  <testcase classname="testCases.TC0023_OrganisationSetupGrade" name="verify_AddGrade" time="2.654"/>
  <testcase classname="testCases.TC0023_OrganisationSetupGrade" name="verify_EditGrade" time="1.112"/>
  <testcase classname="testCases.TC0023_OrganisationSetupGrade" name="verify_DeleteGrade" time="4.856"/>
</testsuite> <!-- testCases.TC0023_OrganisationSetupGrade -->
