<?xml version="1.0" encoding="UTF-8"?>
<!-- Generated by org.testng.reporters.JUnitReportReporter -->
<testsuite hostname="DESKTOP-ADQ2RU7" failures="0" tests="3" name="testCases.TC008_AddCandidate_AddBulk" time="62.211" errors="0" timestamp="2025-03-19T16:05:16 IST" skipped="0">
  <testcase classname="testCases.TC008_AddCandidate_AddBulk" name="verify_Login" time="1.340"/>
  <testcase classname="testCases.TC008_AddCandidate_AddBulk" name="verify_RequisitionPage" time="2.028"/>
  <testcase classname="testCases.TC008_AddCandidate_AddBulk" name="verify_AddCandidate" time="58.843"/>
</testsuite> <!-- testCases.TC008_AddCandidate_AddBulk -->
