<?xml version="1.0" encoding="UTF-8"?>
<!-- Generated by org.testng.reporters.JUnitReportReporter -->
<testsuite hostname="DESKTOP-ADQ2RU7" failures="0" tests="2" name="testCases.TC0016_OrganisationSetupCreateClient" time="44.008" errors="0" timestamp="2025-04-05T10:45:23 IST" skipped="0">
  <testcase classname="testCases.TC0016_OrganisationSetupCreateClient" name="verify_Login" time="1.370"/>
  <testcase classname="testCases.TC0016_OrganisationSetupCreateClient" name="verify_AddClient" time="42.638"/>
</testsuite> <!-- testCases.TC0016_OrganisationSetupCreateClient -->
