<?xml version="1.0" encoding="UTF-8"?>
<!-- Generated by org.testng.reporters.JUnitReportReporter -->
<testsuite hostname="DESKTOP-ADQ2RU7" failures="0" tests="2" name="testCases.TC0017_OtganisationSetupEditClient" time="49.685" errors="0" timestamp="2025-04-08T10:41:42 IST" skipped="0">
  <testcase classname="testCases.TC0017_OtganisationSetupEditClient" name="verify_Login" time="1.027"/>
  <testcase classname="testCases.TC0017_OtganisationSetupEditClient" name="verify_EditClient" time="48.658"/>
</testsuite> <!-- testCases.TC0017_OtganisationSetupEditClient -->
