<?xml version="1.0" encoding="UTF-8"?>
<!-- Generated by org.testng.reporters.JUnitReportReporter -->
<testsuite hostname="DESKTOP-ADQ2RU7" failures="0" tests="3" name="testCases.TC_Testing" time="10.734" errors="0" timestamp="2025-03-25T15:46:56 IST" skipped="0">
  <testcase classname="testCases.TC_Testing" name="verify_Login" time="0.547"/>
  <testcase classname="testCases.TC_Testing" name="verify_RequisitionPage" time="1.463"/>
  <testcase classname="testCases.TC_Testing" name="verify_myReimbursement" time="8.724"/>
</testsuite> <!-- testCases.TC_Testing -->
