<?xml version="1.0" encoding="UTF-8"?>
<!-- Generated by org.testng.reporters.JUnitReportReporter -->
<testsuite hostname="DESKTOP-ADQ2RU7" failures="0" tests="6" name="testCases.TC005_HiringTeam" time="59.790" errors="0" timestamp="2025-03-28T13:07:13 IST" skipped="0">
  <testcase classname="testCases.TC005_HiringTeam" name="verify_Login" time="0.834"/>
  <testcase classname="testCases.TC005_HiringTeam" name="verify_RequisitionPage" time="9.407"/>
  <testcase classname="testCases.TC005_HiringTeam" name="verify_CreateRequisition" time="6.579"/>
  <testcase classname="testCases.TC005_HiringTeam" name="verify_RequirementDetails" time="20.394"/>
  <testcase classname="testCases.TC005_HiringTeam" name="verify_Pop_UP" time="1.080"/>
  <testcase classname="testCases.TC005_HiringTeam" name="verify_Hiring" time="21.496"/>
</testsuite> <!-- testCases.TC005_HiringTeam -->
