<?xml version="1.0" encoding="UTF-8"?>
<!-- Generated by org.testng.reporters.JUnitReportReporter -->
<testsuite hostname="DESKTOP-ADQ2RU7" failures="0" tests="4" name="testCases.TC0015_OtganisationSetupCodes" time="14.708" errors="0" timestamp="2025-04-08T10:41:42 IST" skipped="0">
  <testcase classname="testCases.TC0015_OtganisationSetupCodes" name="verify_Login" time="1.267"/>
  <testcase classname="testCases.TC0015_OtganisationSetupCodes" name="verify_AddZone" time="4.295"/>
  <testcase classname="testCases.TC0015_OtganisationSetupCodes" name="verify_EditZone" time="2.754"/>
  <testcase classname="testCases.TC0015_OtganisationSetupCodes" name="verify_DeleteZone" time="6.392"/>
</testsuite> <!-- testCases.TC0015_OtganisationSetupCodes -->
