<?xml version="1.0" encoding="UTF-8"?>
<!-- Generated by org.testng.reporters.JUnitReportReporter -->
<testsuite hostname="DESKTOP-ADQ2RU7" failures="0" tests="6" name="testCases.TC003_GenerateJD" time="57.503" errors="0" timestamp="2025-03-19T16:05:16 IST" skipped="0">
  <testcase classname="testCases.TC003_GenerateJD" name="verify_Login" time="1.006"/>
  <testcase classname="testCases.TC003_GenerateJD" name="verify_RequisitionPage" time="3.126"/>
  <testcase classname="testCases.TC003_GenerateJD" name="verify_CreateRequisition" time="3.244"/>
  <testcase classname="testCases.TC003_GenerateJD" name="verify_RequirementDetails" time="21.676"/>
  <testcase classname="testCases.TC003_GenerateJD" name="verify_Pop_UP" time="1.555"/>
  <testcase classname="testCases.TC003_GenerateJD" name="verify_Recruitment" time="26.896"/>
</testsuite> <!-- testCases.TC003_GenerateJD -->
