<?xml version="1.0" encoding="UTF-8"?>
<!-- Generated by org.testng.reporters.JUnitReportReporter -->
<testsuite hostname="DESKTOP-ADQ2RU7" failures="0" tests="4" name="testCases.TC0020_OrganisationSetupDepartment" time="9.138" errors="0" timestamp="2025-04-08T10:51:16 IST" skipped="0">
  <testcase classname="testCases.TC0020_OrganisationSetupDepartment" name="verify_Login" time="0.554"/>
  <testcase classname="testCases.TC0020_OrganisationSetupDepartment" name="verify_AddDepartment" time="2.502"/>
  <testcase classname="testCases.TC0020_OrganisationSetupDepartment" name="verify_EditDepartment" time="1.492"/>
  <testcase classname="testCases.TC0020_OrganisationSetupDepartment" name="verify_DeleteDepartment" time="4.590"/>
</testsuite> <!-- testCases.TC0020_OrganisationSetupDepartment -->
