<?xml version="1.0" encoding="UTF-8"?>
<!-- Generated by org.testng.reporters.JUnitReportReporter -->
<testsuite hostname="DESKTOP-ADQ2RU7" failures="0" tests="4" name="testCases.TC0022_OrgnisationSetupLocation" time="17.307" errors="0" timestamp="2025-04-08T11:24:37 IST" skipped="0">
  <testcase classname="testCases.TC0022_OrgnisationSetupLocation" name="verify_Login" time="0.559"/>
  <testcase classname="testCases.TC0022_OrgnisationSetupLocation" name="verify_AddLocation" time="5.376"/>
  <testcase classname="testCases.TC0022_OrgnisationSetupLocation" name="verify_EditLocation" time="2.748"/>
  <testcase classname="testCases.TC0022_OrgnisationSetupLocation" name="verify_DeleteLocation" time="8.624"/>
</testsuite> <!-- testCases.TC0022_OrgnisationSetupLocation -->
