<?xml version="1.0" encoding="UTF-8"?>
<!-- Generated by org.testng.reporters.JUnitReportReporter -->
<testsuite hostname="DESKTOP-ADQ2RU7" failures="0" tests="2" name="testCases.TC_Testing" time="2.371" errors="0" timestamp="2025-04-07T15:53:10 IST" skipped="0">
  <testcase classname="testCases.TC_Testing" name="verify_Login" time="0.550"/>
  <testcase classname="testCases.TC_Testing" name="verify_AddBranch" time="1.821"/>
</testsuite> <!-- testCases.TC_Testing -->
