<?xml version="1.0" encoding="UTF-8"?>
<!-- Generated by org.testng.reporters.JUnitReportReporter -->
<testsuite hostname="DESKTOP-ADQ2RU7" failures="0" tests="2" name="testCases.TC_Testing" time="26.906" errors="0" timestamp="2025-04-04T17:28:25 IST" skipped="0">
  <testcase classname="testCases.TC_Testing" name="verify_Login" time="0.559"/>
  <testcase classname="testCases.TC_Testing" name="verify_AddZone" time="26.347"/>
</testsuite> <!-- testCases.TC_Testing -->
