<?xml version="1.0" encoding="UTF-8"?>
<!-- Generated by org.testng.reporters.JUnitReportReporter -->
<testsuite hostname="DESKTOP-ADQ2RU7" failures="0" tests="8" name="testCases.TC005_HiringTeam" time="81.600" errors="0" timestamp="2025-03-24T11:52:33 IST" skipped="0">
  <testcase classname="testCases.TC005_HiringTeam" name="verify_Login" time="1.198"/>
  <testcase classname="testCases.TC005_HiringTeam" name="verify_RequisitionPage" time="3.209"/>
  <testcase classname="testCases.TC005_HiringTeam" name="verify_CreateRequisition" time="3.288"/>
  <testcase classname="testCases.TC005_HiringTeam" name="verify_RequirementDetails" time="15.280"/>
  <testcase classname="testCases.TC005_HiringTeam" name="verify_Pop_UP" time="1.553"/>
  <testcase classname="testCases.TC005_HiringTeam" name="verify_Recruitment" time="24.465"/>
  <testcase classname="testCases.TC005_HiringTeam" name="verify_GenerateKeyword" time="8.359"/>
  <testcase classname="testCases.TC005_HiringTeam" name="verify_Hiring" time="24.248"/>
</testsuite> <!-- testCases.TC005_HiringTeam -->
