<?xml version="1.0" encoding="UTF-8"?>
<!-- Generated by org.testng.reporters.JUnitReportReporter -->
<testsuite hostname="DESKTOP-ADQ2RU7" failures="0" tests="5" name="testCases.TC002_CreateRequisition" time="25.910" errors="0" timestamp="2025-03-26T13:25:25 IST" skipped="0">
  <testcase classname="testCases.TC002_CreateRequisition" name="verify_Login" time="0.575"/>
  <testcase classname="testCases.TC002_CreateRequisition" name="verify_RequisitionPage" time="2.478"/>
  <testcase classname="testCases.TC002_CreateRequisition" name="verify_CreateRequisition" time="3.961"/>
  <testcase classname="testCases.TC002_CreateRequisition" name="verify_RequirementDetails" time="18.349"/>
  <testcase classname="testCases.TC002_CreateRequisition" name="verify_Pop_UP" time="0.547"/>
</testsuite> <!-- testCases.TC002_CreateRequisition -->
