<?xml version="1.0" encoding="UTF-8"?>
<!-- Generated by org.testng.reporters.JUnitReportReporter -->
<testsuite hostname="DESKTOP-ADQ2RU7" failures="0" tests="4" name="testCases.TC0026_BusinessUnitAddContacts" time="3.656" errors="0" timestamp="2025-04-14T11:08:28 IST" skipped="0">
  <testcase classname="testCases.TC0026_BusinessUnitAddContacts" name="verify_Login" time="0.599"/>
  <testcase classname="testCases.TC0026_BusinessUnitAddContacts" name="verify_clkBusinessUnit" time="1.004"/>
  <testcase classname="testCases.TC0026_BusinessUnitAddContacts" name="verify_clkContacts" time="0.578"/>
  <testcase classname="testCases.TC0026_BusinessUnitAddContacts" name="verify_AddBusinessUnitContacts" time="1.475"/>
</testsuite> <!-- testCases.TC0026_BusinessUnitAddContacts -->
