<?xml version="1.0" encoding="UTF-8"?>
<!-- Generated by org.testng.reporters.JUnitReportReporter -->
<testsuite hostname="DESKTOP-ADQ2RU7" failures="0" tests="8" name="testCases.TC005_HiringTeam" time="85.402" errors="0" timestamp="2025-03-19T16:05:15 IST" skipped="0">
  <testcase classname="testCases.TC005_HiringTeam" name="verify_Login" time="1.300"/>
  <testcase classname="testCases.TC005_HiringTeam" name="verify_RequisitionPage" time="10.726"/>
  <testcase classname="testCases.TC005_HiringTeam" name="verify_CreateRequisition" time="3.380"/>
  <testcase classname="testCases.TC005_HiringTeam" name="verify_RequirementDetails" time="14.458"/>
  <testcase classname="testCases.TC005_HiringTeam" name="verify_Pop_UP" time="1.527"/>
  <testcase classname="testCases.TC005_HiringTeam" name="verify_Recruitment" time="21.877"/>
  <testcase classname="testCases.TC005_HiringTeam" name="verify_GenerateKeyword" time="11.905"/>
  <testcase classname="testCases.TC005_HiringTeam" name="verify_Hiring" time="20.229"/>
</testsuite> <!-- testCases.TC005_HiringTeam -->
