<?xml version="1.0" encoding="UTF-8"?>
<!-- Generated by org.testng.reporters.JUnitReportReporter -->
<testsuite hostname="DESKTOP-ADQ2RU7" failures="0" tests="3" name="testCases.TC_Testing" time="8.424" errors="0" timestamp="2025-04-10T15:23:30 IST" skipped="0">
  <testcase classname="testCases.TC_Testing" name="verify_Login" time="1.309"/>
  <testcase classname="testCases.TC_Testing" name="verify_clkBusinessUnit" time="1.834"/>
  <testcase classname="testCases.TC_Testing" name="verify_createBusinessUnit" time="5.281"/>
</testsuite> <!-- testCases.TC_Testing -->
