<?xml version="1.0" encoding="UTF-8"?>
<!-- Generated by org.testng.reporters.JUnitReportReporter -->
<testsuite hostname="DESKTOP-ADQ2RU7" failures="0" tests="6" name="testCases.TC0026_BusinessUnitContacts" time="7.791" errors="0" timestamp="2025-04-14T15:29:44 IST" skipped="0">
  <testcase classname="testCases.TC0026_BusinessUnitContacts" name="verify_Login" time="0.549"/>
  <testcase classname="testCases.TC0026_BusinessUnitContacts" name="verify_clkBusinessUnit" time="0.952"/>
  <testcase classname="testCases.TC0026_BusinessUnitContacts" name="verify_clkContacts" time="0.359"/>
  <testcase classname="testCases.TC0026_BusinessUnitContacts" name="verify_AddBusinessUnitContacts" time="1.740"/>
  <testcase classname="testCases.TC0026_BusinessUnitContacts" name="verify_EditBusinessUnit" time="2.846"/>
  <testcase classname="testCases.TC0026_BusinessUnitContacts" name="verify_deleteBusinessUnit" time="1.345"/>
</testsuite> <!-- testCases.TC0026_BusinessUnitContacts -->
